Using pre-set license
Built from '2021.1/china_unity/release' branch; Version is '2021.1.6f1c1 (672c12e81483) revision 6761490'; Using compiler version '192528614'; Build Type 'Release'
OS: 'Windows 10 Home China; OS build 19042.1237; Version 2009; 64bit' Language: 'zh' Physical Memory: 16257 MB
BatchMode: 1, IsHumanControllingUs: 0, StartBugReporterOnCrash: 0, Is64bit: 1, IsPro: 0

 COMMAND LINE ARGUMENTS:
C:\Program Files\Unity\Hub\Editor\2021.1.6f1c1\Editor\Unity.exe
-adb2
-batchMode
-noUpm
-name
AssetImportWorker0
-projectPath
E:/UnityDemo/LightLearning
-logFile
Logs/AssetImportWorker0.log
-srvPort
61871
Successfully changed project path to: E:/UnityDemo/LightLearning
E:/UnityDemo/LightLearning
Using Asset Import Pipeline V2.
Refreshing native plugins compatible for Editor in 93.24 ms, found 1 plugins.
Preloading 0 native plugins for Editor in 0.00 ms.
Initialize engine version: 2021.1.6f1c1 (672c12e81483)
[Subsystems] Discovering subsystems at path C:/Program Files/Unity/Hub/Editor/2021.1.6f1c1/Editor/Data/Resources/UnitySubsystems
[Subsystems] Discovering subsystems at path E:/UnityDemo/LightLearning/Assets
GfxDevice: creating device client; threaded=0; jobified=0
Direct3D:
    Version:  Direct3D 11.0 [level 11.1]
    Renderer: NVIDIA GeForce GTX 1060 (ID=0x1c20)
    Vendor:   NVIDIA
    VRAM:     6052 MB
    Driver:   27.21.14.6259
Shader 'Universal Render Pipeline/Particles/Lit': fallback shader 'Universal Render Pipeline/Particles/SimpleLit' not found
Initialize mono
Mono path[0] = 'C:/Program Files/Unity/Hub/Editor/2021.1.6f1c1/Editor/Data/Managed'
Mono path[1] = 'C:/Program Files/Unity/Hub/Editor/2021.1.6f1c1/Editor/Data/MonoBleedingEdge/lib/mono/unityjit'
Mono config path = 'C:/Program Files/Unity/Hub/Editor/2021.1.6f1c1/Editor/Data/MonoBleedingEdge/etc'
Using monoOptions --debugger-agent=transport=dt_socket,embedding=1,server=y,suspend=n,address=127.0.0.1:56224
Begin MonoManager ReloadAssembly
Registering precompiled unity dll's ...
Register platform support module: C:/Program Files/Unity/Hub/Editor/2021.1.6f1c1/Editor/Data/PlaybackEngines/WebGLSupport/UnityEditor.WebGL.Extensions.dll
Register platform support module: C:/Program Files/Unity/Hub/Editor/2021.1.6f1c1/Editor/Data/PlaybackEngines/WindowsStandaloneSupport/UnityEditor.WindowsStandalone.Extensions.dll
Registered in 0.006369 seconds.
Native extension for WindowsStandalone target not found
Native extension for WebGL target not found
Refreshing native plugins compatible for Editor in 95.67 ms, found 1 plugins.
Preloading 0 native plugins for Editor in 0.00 ms.
Mono: successfully reloaded assembly
- Completed reload, in  1.651 seconds
Platform modules already initialized, skipping
Registering precompiled user dll's ...
Registered in 0.002791 seconds.
Begin MonoManager ReloadAssembly
Native extension for WindowsStandalone target not found
Native extension for WebGL target not found
Refreshing native plugins compatible for Editor in 97.85 ms, found 1 plugins.
Preloading 0 native plugins for Editor in 0.00 ms.
Mono: successfully reloaded assembly
- Completed reload, in  1.209 seconds
Platform modules already initialized, skipping
========================================================================
Worker process is ready to serve import requests
Shader 'Universal Render Pipeline/Particles/Lit': fallback shader 'Universal Render Pipeline/Particles/SimpleLit' not found
Launched and connected shader compiler UnityShaderCompiler.exe after 0.06 seconds
Refreshing native plugins compatible for Editor in 0.61 ms, found 1 plugins.
Preloading 0 native plugins for Editor in 0.00 ms.
Unloading 4015 Unused Serialized files (Serialized files now loaded: 0)
System memory in use before: 170.0 MB.
System memory in use after: 170.2 MB.

Unloading 14 unused Assets to reduce memory usage. Loaded Objects now: 4487.
Total: 2.589400 ms (FindLiveObjects: 0.342200 ms CreateObjectMapping: 0.177700 ms MarkObjects: 1.988700 ms  DeleteObjects: 0.079800 ms)

========================================================================
Received Import Request.
  path: Assets/RippleFeature/Foam.png
  artifactKey: Guid(929fd0e1b74bc3f46a0fc21d73c9bfe5) Importer(815301076,1909f56bfc062723c751e8b465ee728b)
Start importing Assets/RippleFeature/Foam.png using Guid(929fd0e1b74bc3f46a0fc21d73c9bfe5) Importer(815301076,1909f56bfc062723c751e8b465ee728b)  -> (artifact id: '2bebf6f56f8f9f29524a87e7c929bf1b') in 0.075205 seconds 
========================================================================
Received Import Request.
  Time since last request: 32.032594 seconds.
  path: Assets/RippleFeature/Scripts/RappleRenderFeature.cs
  artifactKey: Guid(2cdfe2ccfd342a44ea132812da6ebfe1) Importer(815301076,1909f56bfc062723c751e8b465ee728b)
Start importing Assets/RippleFeature/Scripts/RappleRenderFeature.cs using Guid(2cdfe2ccfd342a44ea132812da6ebfe1) Importer(815301076,1909f56bfc062723c751e8b465ee728b)  -> (artifact id: '9c9f3e1d072e2976075a42a73ba406ba') in 0.013075 seconds 
========================================================================
Received Prepare
Registering precompiled user dll's ...
Registered in 0.002741 seconds.
Begin MonoManager ReloadAssembly
Native extension for WindowsStandalone target not found
Native extension for WebGL target not found
Refreshing native plugins compatible for Editor in 0.65 ms, found 1 plugins.
Preloading 0 native plugins for Editor in 0.00 ms.
Mono: successfully reloaded assembly
- Completed reload, in  1.124 seconds
Platform modules already initialized, skipping
Shader 'Universal Render Pipeline/Particles/Lit': fallback shader 'Universal Render Pipeline/Particles/SimpleLit' not found
Refreshing native plugins compatible for Editor in 0.74 ms, found 1 plugins.
Preloading 0 native plugins for Editor in 0.00 ms.
Unloading 3886 Unused Serialized files (Serialized files now loaded: 0)
System memory in use before: 161.9 MB.
System memory in use after: 162.1 MB.

Unloading 10 unused Assets to reduce memory usage. Loaded Objects now: 4512.
Total: 2.546400 ms (FindLiveObjects: 0.364200 ms CreateObjectMapping: 0.183300 ms MarkObjects: 1.974900 ms  DeleteObjects: 0.022800 ms)

========================================================================
Received Prepare
Registering precompiled user dll's ...
Registered in 0.002722 seconds.
Begin MonoManager ReloadAssembly
Native extension for WindowsStandalone target not found
Native extension for WebGL target not found
Refreshing native plugins compatible for Editor in 0.67 ms, found 1 plugins.
Preloading 0 native plugins for Editor in 0.00 ms.
Mono: successfully reloaded assembly
- Completed reload, in  1.098 seconds
Platform modules already initialized, skipping
Shader 'Universal Render Pipeline/Particles/Lit': fallback shader 'Universal Render Pipeline/Particles/SimpleLit' not found
Refreshing native plugins compatible for Editor in 0.63 ms, found 1 plugins.
Preloading 0 native plugins for Editor in 0.00 ms.
Unloading 3883 Unused Serialized files (Serialized files now loaded: 0)
System memory in use before: 161.8 MB.
System memory in use after: 162.1 MB.

Unloading 10 unused Assets to reduce memory usage. Loaded Objects now: 4520.
Total: 2.665600 ms (FindLiveObjects: 0.370100 ms CreateObjectMapping: 0.171800 ms MarkObjects: 2.100800 ms  DeleteObjects: 0.021900 ms)

========================================================================
Received Import Request.
  Time since last request: 43.230734 seconds.
  path: Assets/Scripts/SimpleCameraController.cs
  artifactKey: Guid(be76e5f14cfee674cb30b491fb72b09b) Importer(815301076,1909f56bfc062723c751e8b465ee728b)
Start importing Assets/Scripts/SimpleCameraController.cs using Guid(be76e5f14cfee674cb30b491fb72b09b) Importer(815301076,1909f56bfc062723c751e8b465ee728b)  -> (artifact id: '94c3bb98a2d136bf16a3951a043a1d0d') in 0.005718 seconds 
========================================================================
Received Prepare
Registering precompiled user dll's ...
Registered in 0.002617 seconds.
Begin MonoManager ReloadAssembly
Native extension for WindowsStandalone target not found
Native extension for WebGL target not found
Refreshing native plugins compatible for Editor in 0.67 ms, found 1 plugins.
Preloading 0 native plugins for Editor in 0.00 ms.
Mono: successfully reloaded assembly
- Completed reload, in  1.131 seconds
Platform modules already initialized, skipping
Shader 'Universal Render Pipeline/Particles/Lit': fallback shader 'Universal Render Pipeline/Particles/SimpleLit' not found
Refreshing native plugins compatible for Editor in 0.76 ms, found 1 plugins.
Preloading 0 native plugins for Editor in 0.00 ms.
Unloading 3882 Unused Serialized files (Serialized files now loaded: 0)
System memory in use before: 161.9 MB.
System memory in use after: 162.1 MB.

Unloading 10 unused Assets to reduce memory usage. Loaded Objects now: 4528.
Total: 2.533500 ms (FindLiveObjects: 0.341400 ms CreateObjectMapping: 0.166300 ms MarkObjects: 2.002300 ms  DeleteObjects: 0.022600 ms)

========================================================================
Received Prepare
Registering precompiled user dll's ...
Registered in 0.003504 seconds.
Begin MonoManager ReloadAssembly
Native extension for WindowsStandalone target not found
Native extension for WebGL target not found
Refreshing native plugins compatible for Editor in 0.99 ms, found 1 plugins.
Preloading 0 native plugins for Editor in 0.00 ms.
ForwardRenderer is missing RendererFeatures
This could be due to missing scripts or compile error.
UnityEngine.StackTraceUtility:ExtractStackTrace ()
UnityEngine.DebugLogHandler:LogFormat (UnityEngine.LogType,UnityEngine.Object,string,object[])
UnityEngine.Logger:Log (UnityEngine.LogType,object,UnityEngine.Object)
UnityEngine.Debug:LogError (object,UnityEngine.Object)
UnityEngine.Rendering.Universal.ScriptableRendererData:ValidateRendererFeatures () (at Library/PackageCache/com.unity.render-pipelines.universal@11.0.0/Runtime/ScriptableRendererData.cs:135)
UnityEngine.Rendering.Universal.ScriptableRendererData:OnValidate () (at Library/PackageCache/com.unity.render-pipelines.universal@11.0.0/Runtime/ScriptableRendererData.cs:59)

(Filename: Library/PackageCache/com.unity.render-pipelines.universal@11.0.0/Runtime/ScriptableRendererData.cs Line: 135)

Mono: successfully reloaded assembly
- Completed reload, in  1.142 seconds
Platform modules already initialized, skipping
Shader 'Universal Render Pipeline/Particles/Lit': fallback shader 'Universal Render Pipeline/Particles/SimpleLit' not found
Refreshing native plugins compatible for Editor in 0.70 ms, found 1 plugins.
Preloading 0 native plugins for Editor in 0.00 ms.
Unloading 3882 Unused Serialized files (Serialized files now loaded: 0)
System memory in use before: 162.1 MB.
System memory in use after: 162.3 MB.

Unloading 20 unused Assets to reduce memory usage. Loaded Objects now: 4533.
Total: 2.590200 ms (FindLiveObjects: 0.316200 ms CreateObjectMapping: 0.187200 ms MarkObjects: 2.056800 ms  DeleteObjects: 0.029400 ms)

========================================================================
Received Import Request.
  Time since last request: 82.634175 seconds.
  path: Assets/Presets/Defaults
  artifactKey: Guid(71ea82b02df99c2439e0dc8e4e1ebc24) Importer(815301076,1909f56bfc062723c751e8b465ee728b)
Start importing Assets/Presets/Defaults using Guid(71ea82b02df99c2439e0dc8e4e1ebc24) Importer(815301076,1909f56bfc062723c751e8b465ee728b)  -> (artifact id: 'a2a56981c996a89ef789297d7a3fb242') in 0.006308 seconds 
========================================================================
Received Import Request.
  Time since last request: 18.184247 seconds.
  path: Assets/Presets/NormalTexture.preset
  artifactKey: Guid(14a57cf3b9fa1c74b884aa7e0dcf1faa) Importer(815301076,1909f56bfc062723c751e8b465ee728b)
Start importing Assets/Presets/NormalTexture.preset using Guid(14a57cf3b9fa1c74b884aa7e0dcf1faa) Importer(815301076,1909f56bfc062723c751e8b465ee728b)  -> (artifact id: '9c195482fc53bc4f53f643643f636469') in 0.104423 seconds 
========================================================================
Received Import Request.
  Time since last request: 174.376888 seconds.
  path: Assets/Sand_SmallRocks.prefab
  artifactKey: Guid(944e7bf43fbca3e48ab3b4f265bc6ec7) Importer(815301076,1909f56bfc062723c751e8b465ee728b)
Start importing Assets/Sand_SmallRocks.prefab using Guid(944e7bf43fbca3e48ab3b4f265bc6ec7) Importer(815301076,1909f56bfc062723c751e8b465ee728b)  -> (artifact id: 'a90a6d23f4ec6e91b404cfe66818f881') in 0.214256 seconds 
========================================================================
Received Import Request.
  Time since last request: 1.588168 seconds.
  path: Assets/SandBase.prefab
  artifactKey: Guid(4d6ed01d54d7a594fb9b301a82e44002) Importer(815301076,1909f56bfc062723c751e8b465ee728b)
Start importing Assets/SandBase.prefab using Guid(4d6ed01d54d7a594fb9b301a82e44002) Importer(815301076,1909f56bfc062723c751e8b465ee728b)  -> (artifact id: '3e11253fca571915efc3ad4ed22a2dbd') in 0.031699 seconds 
========================================================================
Received Prepare
Registering precompiled user dll's ...
Registered in 0.002703 seconds.
Begin MonoManager ReloadAssembly
Native extension for WindowsStandalone target not found
Native extension for WebGL target not found
Refreshing native plugins compatible for Editor in 0.62 ms, found 1 plugins.
Preloading 0 native plugins for Editor in 0.00 ms.
ForwardRenderer is missing RendererFeatures
This could be due to missing scripts or compile error.
UnityEngine.StackTraceUtility:ExtractStackTrace ()
UnityEngine.DebugLogHandler:LogFormat (UnityEngine.LogType,UnityEngine.Object,string,object[])
UnityEngine.Logger:Log (UnityEngine.LogType,object,UnityEngine.Object)
UnityEngine.Debug:LogError (object,UnityEngine.Object)
UnityEngine.Rendering.Universal.ScriptableRendererData:ValidateRendererFeatures () (at Library/PackageCache/com.unity.render-pipelines.universal@11.0.0/Runtime/ScriptableRendererData.cs:135)
UnityEngine.Rendering.Universal.ScriptableRendererData:OnValidate () (at Library/PackageCache/com.unity.render-pipelines.universal@11.0.0/Runtime/ScriptableRendererData.cs:59)

(Filename: Library/PackageCache/com.unity.render-pipelines.universal@11.0.0/Runtime/ScriptableRendererData.cs Line: 135)

Mono: successfully reloaded assembly
- Completed reload, in  1.089 seconds
Platform modules already initialized, skipping
Shader 'Universal Render Pipeline/Particles/Lit': fallback shader 'Universal Render Pipeline/Particles/SimpleLit' not found
Refreshing native plugins compatible for Editor in 0.63 ms, found 1 plugins.
Preloading 0 native plugins for Editor in 0.00 ms.
Unloading 3882 Unused Serialized files (Serialized files now loaded: 0)
System memory in use before: 168.6 MB.
System memory in use after: 168.8 MB.

Unloading 17 unused Assets to reduce memory usage. Loaded Objects now: 4591.
Total: 4.209600 ms (FindLiveObjects: 0.387600 ms CreateObjectMapping: 0.176500 ms MarkObjects: 3.581800 ms  DeleteObjects: 0.062900 ms)

========================================================================
Received Prepare
Registering precompiled user dll's ...
Registered in 0.002755 seconds.
Begin MonoManager ReloadAssembly
Native extension for WindowsStandalone target not found
Native extension for WebGL target not found
Refreshing native plugins compatible for Editor in 0.80 ms, found 1 plugins.
Preloading 0 native plugins for Editor in 0.00 ms.
ForwardRenderer is missing RendererFeatures
This could be due to missing scripts or compile error.
UnityEngine.StackTraceUtility:ExtractStackTrace ()
UnityEngine.DebugLogHandler:LogFormat (UnityEngine.LogType,UnityEngine.Object,string,object[])
UnityEngine.Logger:Log (UnityEngine.LogType,object,UnityEngine.Object)
UnityEngine.Debug:LogError (object,UnityEngine.Object)
UnityEngine.Rendering.Universal.ScriptableRendererData:ValidateRendererFeatures () (at Library/PackageCache/com.unity.render-pipelines.universal@11.0.0/Runtime/ScriptableRendererData.cs:135)
UnityEngine.Rendering.Universal.ScriptableRendererData:OnValidate () (at Library/PackageCache/com.unity.render-pipelines.universal@11.0.0/Runtime/ScriptableRendererData.cs:59)

(Filename: Library/PackageCache/com.unity.render-pipelines.universal@11.0.0/Runtime/ScriptableRendererData.cs Line: 135)

Mono: successfully reloaded assembly
- Completed reload, in  1.140 seconds
Platform modules already initialized, skipping
Shader 'Universal Render Pipeline/Particles/Lit': fallback shader 'Universal Render Pipeline/Particles/SimpleLit' not found
Refreshing native plugins compatible for Editor in 0.66 ms, found 1 plugins.
Preloading 0 native plugins for Editor in 0.00 ms.
Unloading 3881 Unused Serialized files (Serialized files now loaded: 0)
System memory in use before: 168.6 MB.
System memory in use after: 168.8 MB.

Unloading 18 unused Assets to reduce memory usage. Loaded Objects now: 4599.
Total: 2.948100 ms (FindLiveObjects: 0.391900 ms CreateObjectMapping: 0.207400 ms MarkObjects: 2.318800 ms  DeleteObjects: 0.029200 ms)

========================================================================
Received Import Request.
  Time since last request: 32.784911 seconds.
  path: Assets/RippleFeature/Textures
  artifactKey: Guid(053ca9bd6f7cb3840ad1f51bea1d758a) Importer(815301076,1909f56bfc062723c751e8b465ee728b)
Start importing Assets/RippleFeature/Textures using Guid(053ca9bd6f7cb3840ad1f51bea1d758a) Importer(815301076,1909f56bfc062723c751e8b465ee728b)  -> (artifact id: 'c9fb1895a727c1391fc5befb3b661191') in 0.005373 seconds 
========================================================================
Received Import Request.
  Time since last request: 8.997231 seconds.
  path: Assets/RippleFeature/Texture
  artifactKey: Guid(053ca9bd6f7cb3840ad1f51bea1d758a) Importer(815301076,1909f56bfc062723c751e8b465ee728b)
Start importing Assets/RippleFeature/Texture using Guid(053ca9bd6f7cb3840ad1f51bea1d758a) Importer(815301076,1909f56bfc062723c751e8b465ee728b)  -> (artifact id: '3290f65ab654254f2e0a4020a01cda17') in 0.001565 seconds 
========================================================================
Received Import Request.
  Time since last request: 14.609294 seconds.
  path: Assets/RippleFeature/Prefab
  artifactKey: Guid(a09724ad325f9b54c8d2dc015f890f37) Importer(815301076,1909f56bfc062723c751e8b465ee728b)
Start importing Assets/RippleFeature/Prefab using Guid(a09724ad325f9b54c8d2dc015f890f37) Importer(815301076,1909f56bfc062723c751e8b465ee728b)  -> (artifact id: '43337b3370457578d33f45fe17b4df83') in 0.001653 seconds 
========================================================================
Received Import Request.
  Time since last request: 4.733081 seconds.
  path: Assets/RippleFeature/Prefabs
  artifactKey: Guid(a09724ad325f9b54c8d2dc015f890f37) Importer(815301076,1909f56bfc062723c751e8b465ee728b)
Start importing Assets/RippleFeature/Prefabs using Guid(a09724ad325f9b54c8d2dc015f890f37) Importer(815301076,1909f56bfc062723c751e8b465ee728b)  -> (artifact id: '0b5b98740fafef124f55c0f23e51cb4f') in 0.022460 seconds 
========================================================================
Received Import Request.
  Time since last request: 10.722703 seconds.
  path: Assets/RippleFeature/Sand_base.obj
  artifactKey: Guid(908c3846ae2e8d240a21c10af3d9dfe8) Importer(815301076,1909f56bfc062723c751e8b465ee728b)
Start importing Assets/RippleFeature/Sand_base.obj using Guid(908c3846ae2e8d240a21c10af3d9dfe8) Importer(815301076,1909f56bfc062723c751e8b465ee728b)  -> (artifact id: '2ccf359e7af9c1157606be04050bebe0') in 0.460645 seconds 
========================================================================
Received Import Request.
  Time since last request: 5.397731 seconds.
  path: Assets/Scenes/SampleScene/LightingData.asset
  artifactKey: Guid(29c9d08e17850d74abb6529abe77caf7) Importer(815301076,1909f56bfc062723c751e8b465ee728b)
Start importing Assets/Scenes/SampleScene/LightingData.asset using Guid(29c9d08e17850d74abb6529abe77caf7) Importer(815301076,1909f56bfc062723c751e8b465ee728b)  -> (artifact id: 'd0ae9cf72d10fe2413814b51f608e4a3') in 0.005178 seconds 
========================================================================
Received Import Request.
  Time since last request: 9.533344 seconds.
  path: Assets/Scenes/SampleScene.unity
  artifactKey: Guid(d1c3109bdb54ad54c8a2b2838528e640) Importer(815301076,1909f56bfc062723c751e8b465ee728b)
Start importing Assets/Scenes/SampleScene.unity using Guid(d1c3109bdb54ad54c8a2b2838528e640) Importer(815301076,1909f56bfc062723c751e8b465ee728b)  -> (artifact id: '1b398ff790775a302d510f8a0557da3c') in 0.098679 seconds 
========================================================================
Received Import Request.
  Time since last request: 18.600025 seconds.
  path: Assets/Scenes/SampleScene.unity
  artifactKey: Guid(d1c3109bdb54ad54c8a2b2838528e640) Importer(815301076,1909f56bfc062723c751e8b465ee728b)
Start importing Assets/Scenes/SampleScene.unity using Guid(d1c3109bdb54ad54c8a2b2838528e640) Importer(815301076,1909f56bfc062723c751e8b465ee728b)  -> (artifact id: '57af337c6ca7d65a500d846ec2c30367') in 0.001842 seconds 
========================================================================
Received Prepare
Registering precompiled user dll's ...
Registered in 0.002579 seconds.
Begin MonoManager ReloadAssembly
Native extension for WindowsStandalone target not found
Native extension for WebGL target not found
Refreshing native plugins compatible for Editor in 0.76 ms, found 1 plugins.
Preloading 0 native plugins for Editor in 0.00 ms.
ForwardRenderer is missing RendererFeatures
This could be due to missing scripts or compile error.
UnityEngine.StackTraceUtility:ExtractStackTrace ()
UnityEngine.DebugLogHandler:LogFormat (UnityEngine.LogType,UnityEngine.Object,string,object[])
UnityEngine.Logger:Log (UnityEngine.LogType,object,UnityEngine.Object)
UnityEngine.Debug:LogError (object,UnityEngine.Object)
UnityEngine.Rendering.Universal.ScriptableRendererData:ValidateRendererFeatures () (at Library/PackageCache/com.unity.render-pipelines.universal@11.0.0/Runtime/ScriptableRendererData.cs:135)
UnityEngine.Rendering.Universal.ScriptableRendererData:OnValidate () (at Library/PackageCache/com.unity.render-pipelines.universal@11.0.0/Runtime/ScriptableRendererData.cs:59)

(Filename: Library/PackageCache/com.unity.render-pipelines.universal@11.0.0/Runtime/ScriptableRendererData.cs Line: 135)

Mono: successfully reloaded assembly
- Completed reload, in  1.116 seconds
Platform modules already initialized, skipping
Shader 'Universal Render Pipeline/Particles/Lit': fallback shader 'Universal Render Pipeline/Particles/SimpleLit' not found
Refreshing native plugins compatible for Editor in 0.75 ms, found 1 plugins.
Preloading 0 native plugins for Editor in 0.00 ms.
Unloading 3881 Unused Serialized files (Serialized files now loaded: 0)
System memory in use before: 169.0 MB.
System memory in use after: 169.2 MB.

Unloading 17 unused Assets to reduce memory usage. Loaded Objects now: 4683.
Total: 2.753000 ms (FindLiveObjects: 0.350800 ms CreateObjectMapping: 0.152200 ms MarkObjects: 2.226000 ms  DeleteObjects: 0.023200 ms)

========================================================================
Received Prepare
Registering precompiled user dll's ...
Registered in 0.003460 seconds.
Begin MonoManager ReloadAssembly
Native extension for WindowsStandalone target not found
Native extension for WebGL target not found
Refreshing native plugins compatible for Editor in 1.03 ms, found 1 plugins.
Preloading 0 native plugins for Editor in 0.00 ms.
ForwardRenderer is missing RendererFeatures
This could be due to missing scripts or compile error.
UnityEngine.StackTraceUtility:ExtractStackTrace ()
UnityEngine.DebugLogHandler:LogFormat (UnityEngine.LogType,UnityEngine.Object,string,object[])
UnityEngine.Logger:Log (UnityEngine.LogType,object,UnityEngine.Object)
UnityEngine.Debug:LogError (object,UnityEngine.Object)
UnityEngine.Rendering.Universal.ScriptableRendererData:ValidateRendererFeatures () (at Library/PackageCache/com.unity.render-pipelines.universal@11.0.0/Runtime/ScriptableRendererData.cs:135)
UnityEngine.Rendering.Universal.ScriptableRendererData:OnValidate () (at Library/PackageCache/com.unity.render-pipelines.universal@11.0.0/Runtime/ScriptableRendererData.cs:59)

(Filename: Library/PackageCache/com.unity.render-pipelines.universal@11.0.0/Runtime/ScriptableRendererData.cs Line: 135)

Mono: successfully reloaded assembly
- Completed reload, in  1.454 seconds
Platform modules already initialized, skipping
Shader 'Universal Render Pipeline/Particles/Lit': fallback shader 'Universal Render Pipeline/Particles/SimpleLit' not found
Refreshing native plugins compatible for Editor in 0.68 ms, found 1 plugins.
Preloading 0 native plugins for Editor in 0.00 ms.
Unloading 3881 Unused Serialized files (Serialized files now loaded: 0)
System memory in use before: 169.0 MB.
System memory in use after: 169.3 MB.

Unloading 17 unused Assets to reduce memory usage. Loaded Objects now: 4692.
Total: 2.695700 ms (FindLiveObjects: 0.343700 ms CreateObjectMapping: 0.197800 ms MarkObjects: 2.128900 ms  DeleteObjects: 0.024500 ms)

========================================================================
Received Import Request.
  Time since last request: 114.432181 seconds.
  path: Assets/Settings/ForwardRenderer.asset
  artifactKey: Guid(4a8e21d5c33334b11b34a596161b9360) Importer(815301076,1909f56bfc062723c751e8b465ee728b)
Start importing Assets/Settings/ForwardRenderer.asset using Guid(4a8e21d5c33334b11b34a596161b9360) Importer(815301076,1909f56bfc062723c751e8b465ee728b) ForwardRenderer is missing RendererFeatures
This could be due to missing scripts or compile error.
UnityEngine.StackTraceUtility:ExtractStackTrace ()
UnityEngine.DebugLogHandler:LogFormat (UnityEngine.LogType,UnityEngine.Object,string,object[])
UnityEngine.Logger:Log (UnityEngine.LogType,object,UnityEngine.Object)
UnityEngine.Debug:LogError (object,UnityEngine.Object)
UnityEngine.Rendering.Universal.ScriptableRendererData:ValidateRendererFeatures () (at Library/PackageCache/com.unity.render-pipelines.universal@11.0.0/Runtime/ScriptableRendererData.cs:135)
UnityEngine.Rendering.Universal.ScriptableRendererData:OnValidate () (at Library/PackageCache/com.unity.render-pipelines.universal@11.0.0/Runtime/ScriptableRendererData.cs:59)

(Filename: Library/PackageCache/com.unity.render-pipelines.universal@11.0.0/Runtime/ScriptableRendererData.cs Line: 135)

 -> (artifact id: '146c9d145806c51baafed8bed97b962d') in 0.059924 seconds 
========================================================================
Received Prepare
Registering precompiled user dll's ...
Registered in 0.002655 seconds.
Begin MonoManager ReloadAssembly
Native extension for WindowsStandalone target not found
Native extension for WebGL target not found
Refreshing native plugins compatible for Editor in 0.65 ms, found 1 plugins.
Preloading 0 native plugins for Editor in 0.00 ms.
ForwardRenderer is missing RendererFeatures
This could be due to missing scripts or compile error.
UnityEngine.StackTraceUtility:ExtractStackTrace ()
UnityEngine.DebugLogHandler:LogFormat (UnityEngine.LogType,UnityEngine.Object,string,object[])
UnityEngine.Logger:Log (UnityEngine.LogType,object,UnityEngine.Object)
UnityEngine.Debug:LogError (object,UnityEngine.Object)
UnityEngine.Rendering.Universal.ScriptableRendererData:ValidateRendererFeatures () (at Library/PackageCache/com.unity.render-pipelines.universal@11.0.0/Runtime/ScriptableRendererData.cs:135)
UnityEngine.Rendering.Universal.ScriptableRendererData:OnValidate () (at Library/PackageCache/com.unity.render-pipelines.universal@11.0.0/Runtime/ScriptableRendererData.cs:59)

(Filename: Library/PackageCache/com.unity.render-pipelines.universal@11.0.0/Runtime/ScriptableRendererData.cs Line: 135)

Mono: successfully reloaded assembly
- Completed reload, in  1.085 seconds
Platform modules already initialized, skipping
Shader 'Universal Render Pipeline/Particles/Lit': fallback shader 'Universal Render Pipeline/Particles/SimpleLit' not found
Refreshing native plugins compatible for Editor in 0.64 ms, found 1 plugins.
Preloading 0 native plugins for Editor in 0.00 ms.
Unloading 3879 Unused Serialized files (Serialized files now loaded: 0)
System memory in use before: 168.9 MB.
System memory in use after: 169.2 MB.

Unloading 9 unused Assets to reduce memory usage. Loaded Objects now: 4707.
Total: 2.984700 ms (FindLiveObjects: 0.525700 ms CreateObjectMapping: 0.197300 ms MarkObjects: 2.233800 ms  DeleteObjects: 0.026800 ms)

========================================================================
Received Import Request.
  Time since last request: 57.006687 seconds.
  path: Assets/RippleFeature/Material/InteractiveMat.mat
  artifactKey: Guid(aeed5f003bce7774890aa1151bbeb2e5) Importer(815301076,1909f56bfc062723c751e8b465ee728b)
Start importing Assets/RippleFeature/Material/InteractiveMat.mat using Guid(aeed5f003bce7774890aa1151bbeb2e5) Importer(815301076,1909f56bfc062723c751e8b465ee728b)  -> (artifact id: 'bfef19b90913c9c49571f0a20fef33d4') in 0.228897 seconds 
========================================================================
Received Import Request.
  Time since last request: 0.000387 seconds.
  path: Assets/RippleFeature/Material/RippleMaterial.mat
  artifactKey: Guid(7a9d37ccef17ab346a4db111cd3b6443) Importer(815301076,1909f56bfc062723c751e8b465ee728b)
Start importing Assets/RippleFeature/Material/RippleMaterial.mat using Guid(7a9d37ccef17ab346a4db111cd3b6443) Importer(815301076,1909f56bfc062723c751e8b465ee728b)  -> (artifact id: '4a70c75d92ee9cf2a326b6a08fff65bb') in 0.037224 seconds 
========================================================================
Received Import Request.
  Time since last request: 0.000321 seconds.
  path: Assets/3DGamekit/Art/DemoMaterials/Rock_Small_white.mat
  artifactKey: Guid(d5970e376c95c84478e3728ba2f3f2bd) Importer(815301076,1909f56bfc062723c751e8b465ee728b)
Start importing Assets/3DGamekit/Art/DemoMaterials/Rock_Small_white.mat using Guid(d5970e376c95c84478e3728ba2f3f2bd) Importer(815301076,1909f56bfc062723c751e8b465ee728b)  -> (artifact id: '40d9394073d4d6b220d1e1ba940a2ac5') in 0.048676 seconds 
========================================================================
Received Import Request.
  Time since last request: 0.000370 seconds.
  path: Assets/3DGamekit/Art/DemoMaterials/Rock_Small.mat
  artifactKey: Guid(1c2cfb3f9c21fd14e9bb16396b3dbe87) Importer(815301076,1909f56bfc062723c751e8b465ee728b)
Start importing Assets/3DGamekit/Art/DemoMaterials/Rock_Small.mat using Guid(1c2cfb3f9c21fd14e9bb16396b3dbe87) Importer(815301076,1909f56bfc062723c751e8b465ee728b)  -> (artifact id: '0e5754759b20737151008eb83d915c4e') in 0.016077 seconds 
========================================================================
Received Import Request.
  Time since last request: 429.641311 seconds.
  path: Assets/Skybox/Shaders/Skybox-Procedural-Universal.shader
  artifactKey: Guid(03dd12afa1aeb92499c404c9b91d730e) Importer(815301076,1909f56bfc062723c751e8b465ee728b)
Start importing Assets/Skybox/Shaders/Skybox-Procedural-Universal.shader using Guid(03dd12afa1aeb92499c404c9b91d730e) Importer(815301076,1909f56bfc062723c751e8b465ee728b)  -> (artifact id: '8446f7aeba1469bb367ab3d89a031e29') in 0.008045 seconds 
========================================================================
Received Prepare
Registering precompiled user dll's ...
Registered in 0.003557 seconds.
Begin MonoManager ReloadAssembly
Native extension for WindowsStandalone target not found
Native extension for WebGL target not found
Refreshing native plugins compatible for Editor in 0.76 ms, found 1 plugins.
Preloading 0 native plugins for Editor in 0.00 ms.
ForwardRenderer is missing RendererFeatures
This could be due to missing scripts or compile error.
UnityEngine.StackTraceUtility:ExtractStackTrace ()
UnityEngine.DebugLogHandler:LogFormat (UnityEngine.LogType,UnityEngine.Object,string,object[])
UnityEngine.Logger:Log (UnityEngine.LogType,object,UnityEngine.Object)
UnityEngine.Debug:LogError (object,UnityEngine.Object)
UnityEngine.Rendering.Universal.ScriptableRendererData:ValidateRendererFeatures () (at Library/PackageCache/com.unity.render-pipelines.universal@11.0.0/Runtime/ScriptableRendererData.cs:135)
UnityEngine.Rendering.Universal.ScriptableRendererData:OnValidate () (at Library/PackageCache/com.unity.render-pipelines.universal@11.0.0/Runtime/ScriptableRendererData.cs:59)

(Filename: Library/PackageCache/com.unity.render-pipelines.universal@11.0.0/Runtime/ScriptableRendererData.cs Line: 135)

Mono: successfully reloaded assembly
- Completed reload, in  1.554 seconds
Platform modules already initialized, skipping
Shader 'Universal Render Pipeline/Particles/Lit': fallback shader 'Universal Render Pipeline/Particles/SimpleLit' not found
Refreshing native plugins compatible for Editor in 0.64 ms, found 1 plugins.
Preloading 0 native plugins for Editor in 0.00 ms.
Unloading 3880 Unused Serialized files (Serialized files now loaded: 0)
System memory in use before: 169.4 MB.
System memory in use after: 169.6 MB.

Unloading 10 unused Assets to reduce memory usage. Loaded Objects now: 4755.
Total: 2.861000 ms (FindLiveObjects: 0.348000 ms CreateObjectMapping: 0.188900 ms MarkObjects: 2.249400 ms  DeleteObjects: 0.073800 ms)

========================================================================
Received Import Request.
  Time since last request: 291.282061 seconds.
  path: Assets/Settings/ForwardRenderer.asset
  artifactKey: Guid(4a8e21d5c33334b11b34a596161b9360) Importer(815301076,1909f56bfc062723c751e8b465ee728b)
Start importing Assets/Settings/ForwardRenderer.asset using Guid(4a8e21d5c33334b11b34a596161b9360) Importer(815301076,1909f56bfc062723c751e8b465ee728b)  -> (artifact id: 'f77508ab849af824fb1951de14668356') in 0.042116 seconds 
========================================================================
Received Prepare
Registering precompiled user dll's ...
Registered in 0.004472 seconds.
Begin MonoManager ReloadAssembly
Native extension for WindowsStandalone target not found
Native extension for WebGL target not found
Refreshing native plugins compatible for Editor in 0.67 ms, found 1 plugins.
Preloading 0 native plugins for Editor in 0.00 ms.
ForwardRenderer is missing RendererFeatures
This could be due to missing scripts or compile error.
UnityEngine.StackTraceUtility:ExtractStackTrace ()
UnityEngine.DebugLogHandler:LogFormat (UnityEngine.LogType,UnityEngine.Object,string,object[])
UnityEngine.Logger:Log (UnityEngine.LogType,object,UnityEngine.Object)
UnityEngine.Debug:LogError (object,UnityEngine.Object)
UnityEngine.Rendering.Universal.ScriptableRendererData:ValidateRendererFeatures () (at Library/PackageCache/com.unity.render-pipelines.universal@11.0.0/Runtime/ScriptableRendererData.cs:135)
UnityEngine.Rendering.Universal.ScriptableRendererData:OnValidate () (at Library/PackageCache/com.unity.render-pipelines.universal@11.0.0/Runtime/ScriptableRendererData.cs:59)

(Filename: Library/PackageCache/com.unity.render-pipelines.universal@11.0.0/Runtime/ScriptableRendererData.cs Line: 135)

Mono: successfully reloaded assembly
- Completed reload, in  1.129 seconds
Platform modules already initialized, skipping
Shader 'Universal Render Pipeline/Particles/Lit': fallback shader 'Universal Render Pipeline/Particles/SimpleLit' not found
Refreshing native plugins compatible for Editor in 0.74 ms, found 1 plugins.
Preloading 0 native plugins for Editor in 0.00 ms.
Unloading 3880 Unused Serialized files (Serialized files now loaded: 0)
System memory in use before: 169.3 MB.
System memory in use after: 169.5 MB.

Unloading 10 unused Assets to reduce memory usage. Loaded Objects now: 4770.
Total: 3.259600 ms (FindLiveObjects: 0.381100 ms CreateObjectMapping: 0.221700 ms MarkObjects: 2.577400 ms  DeleteObjects: 0.078600 ms)

========================================================================
Received Prepare
Registering precompiled user dll's ...
Registered in 0.002615 seconds.
Begin MonoManager ReloadAssembly
Native extension for WindowsStandalone target not found
Native extension for WebGL target not found
Refreshing native plugins compatible for Editor in 0.64 ms, found 1 plugins.
Preloading 0 native plugins for Editor in 0.00 ms.
ForwardRenderer is missing RendererFeatures
This could be due to missing scripts or compile error.
UnityEngine.StackTraceUtility:ExtractStackTrace ()
UnityEngine.DebugLogHandler:LogFormat (UnityEngine.LogType,UnityEngine.Object,string,object[])
UnityEngine.Logger:Log (UnityEngine.LogType,object,UnityEngine.Object)
UnityEngine.Debug:LogError (object,UnityEngine.Object)
UnityEngine.Rendering.Universal.ScriptableRendererData:ValidateRendererFeatures () (at Library/PackageCache/com.unity.render-pipelines.universal@11.0.0/Runtime/ScriptableRendererData.cs:135)
UnityEngine.Rendering.Universal.ScriptableRendererData:OnValidate () (at Library/PackageCache/com.unity.render-pipelines.universal@11.0.0/Runtime/ScriptableRendererData.cs:59)

(Filename: Library/PackageCache/com.unity.render-pipelines.universal@11.0.0/Runtime/ScriptableRendererData.cs Line: 135)

Mono: successfully reloaded assembly
- Completed reload, in  1.192 seconds
Platform modules already initialized, skipping
Shader 'Universal Render Pipeline/Particles/Lit': fallback shader 'Universal Render Pipeline/Particles/SimpleLit' not found
Refreshing native plugins compatible for Editor in 0.70 ms, found 1 plugins.
Preloading 0 native plugins for Editor in 0.00 ms.
Unloading 3880 Unused Serialized files (Serialized files now loaded: 0)
System memory in use before: 169.3 MB.
System memory in use after: 169.5 MB.

Unloading 10 unused Assets to reduce memory usage. Loaded Objects now: 4779.
Total: 2.946700 ms (FindLiveObjects: 0.371200 ms CreateObjectMapping: 0.186600 ms MarkObjects: 2.315700 ms  DeleteObjects: 0.072300 ms)

========================================================================
Received Prepare
Registering precompiled user dll's ...
Registered in 0.003885 seconds.
Begin MonoManager ReloadAssembly
Native extension for WindowsStandalone target not found
Native extension for WebGL target not found
Refreshing native plugins compatible for Editor in 0.64 ms, found 1 plugins.
Preloading 0 native plugins for Editor in 0.00 ms.
ForwardRenderer is missing RendererFeatures
This could be due to missing scripts or compile error.
UnityEngine.StackTraceUtility:ExtractStackTrace ()
UnityEngine.DebugLogHandler:LogFormat (UnityEngine.LogType,UnityEngine.Object,string,object[])
UnityEngine.Logger:Log (UnityEngine.LogType,object,UnityEngine.Object)
UnityEngine.Debug:LogError (object,UnityEngine.Object)
UnityEngine.Rendering.Universal.ScriptableRendererData:ValidateRendererFeatures () (at Library/PackageCache/com.unity.render-pipelines.universal@11.0.0/Runtime/ScriptableRendererData.cs:135)
UnityEngine.Rendering.Universal.ScriptableRendererData:OnValidate () (at Library/PackageCache/com.unity.render-pipelines.universal@11.0.0/Runtime/ScriptableRendererData.cs:59)

(Filename: Library/PackageCache/com.unity.render-pipelines.universal@11.0.0/Runtime/ScriptableRendererData.cs Line: 135)

Mono: successfully reloaded assembly
- Completed reload, in  1.115 seconds
Platform modules already initialized, skipping
Shader 'Universal Render Pipeline/Particles/Lit': fallback shader 'Universal Render Pipeline/Particles/SimpleLit' not found
Refreshing native plugins compatible for Editor in 0.72 ms, found 1 plugins.
Preloading 0 native plugins for Editor in 0.00 ms.
Unloading 3880 Unused Serialized files (Serialized files now loaded: 0)
System memory in use before: 169.3 MB.
System memory in use after: 169.5 MB.

Unloading 10 unused Assets to reduce memory usage. Loaded Objects now: 4788.
Total: 3.682000 ms (FindLiveObjects: 0.480300 ms CreateObjectMapping: 0.336000 ms MarkObjects: 2.678100 ms  DeleteObjects: 0.186300 ms)

AssetImportWorkerClient::OnTransportError - code=2 error=End of file
